<?xml version="1.0" encoding="UTF-8" standalone="no"?>
<testsuite errors="0" failures="0" name="io.cucumber.core.plugin.JUnitFormatter" skipped="0" tests="1" time="50.621">
    <testcase classname="Test amazon product page" name="Verify if product features are visible for second highest priced Samsung TV" time="50.558">
        <system-out><![CDATA[Given I open the URL........................................................passed
When I click on Search input box............................................passed
And I search for item.......................................................passed
And I click on second item link.............................................passed
When I click on Add to Cart button..........................................passed
Then TV should be added in the cart.........................................passed
]]></system-out>
    </testcase>
</testsuite>
